<?xml version="1.0" encoding="UTF-8"?>
<!-- Generated by org.testng.reporters.JUnitReportReporter -->
<testsuite skipped="0" hostname="BCTCW-DELL072" name="com.pom.utils.TestCaseDetailsProvider" tests="1" failures="0" timestamp="13 Sep 2017 13:22:28 GMT" time="0.491" errors="0">
  <testcase name="getAllTestDetails" time="0.491" classname="com.pom.utils.TestCaseDetailsProvider"/>
</testsuite> <!-- com.pom.utils.TestCaseDetailsProvider -->
