<?xml version="1.0" encoding="UTF-8"?>
<!-- Generated by org.testng.reporters.JUnitReportReporter -->
<testsuite skipped="0" hostname="BCTCW-DELL072" name="testcases.TC001_Login" tests="1" failures="0" timestamp="11 Sep 2017 05:49:24 GMT" time="52.246" errors="0">
  <testcase name="login" time="52.246" classname="testcases.TC001_Login"/>
</testsuite> <!-- testcases.TC001_Login -->
